2015-07-14 17:59:47,934 INFO: microblog startup [in d:\bootcamp\ideaBox\app\__init__.py:37]
2015-07-14 19:55:34,026 INFO: microblog startup [in d:\bootcamp\ideaBox\app\__init__.py:37]
2015-07-15 08:25:36,769 INFO: microblog startup [in d:\bootcamp\ideaBox\app\__init__.py:37]
2015-07-15 08:25:41,101 INFO: microblog startup [in d:\bootcamp\ideaBox\app\__init__.py:37]
2015-07-15 08:27:18,657 INFO: microblog startup [in d:\bootcamp\ideaBox\app\__init__.py:37]
2015-07-15 08:30:44,944 INFO: microblog startup [in d:\bootcamp\ideaBox\app\__init__.py:37]
2015-07-15 08:30:45,996 INFO: microblog startup [in d:\bootcamp\ideaBox\app\__init__.py:37]
2015-07-15 08:35:37,743 INFO: microblog startup [in d:\bootcamp\ideaBox\app\__init__.py:37]
2015-07-15 08:36:54,278 INFO: microblog startup [in d:\bootcamp\ideaBox\app\__init__.py:37]
2015-07-15 08:41:31,907 INFO: microblog startup [in d:\bootcamp\ideaBox\app\__init__.py:37]
2015-07-15 08:41:32,865 INFO: microblog startup [in d:\bootcamp\ideaBox\app\__init__.py:37]
2015-07-15 08:43:19,588 INFO: microblog startup [in d:\bootcamp\ideaBox\app\__init__.py:37]
2015-07-15 08:47:27,622 INFO: microblog startup [in d:\bootcamp\ideaBox\app\__init__.py:37]
2015-07-15 09:03:33,490 INFO: microblog startup [in d:\bootcamp\ideaBox\app\__init__.py:37]
2015-07-15 09:03:35,229 INFO: microblog startup [in d:\bootcamp\ideaBox\app\__init__.py:37]
2015-07-15 09:13:48,882 INFO: microblog startup [in d:\bootcamp\ideaBox\app\__init__.py:37]
2015-07-15 09:14:00,927 INFO: microblog startup [in d:\bootcamp\ideaBox\app\__init__.py:37]
2015-07-15 09:14:38,973 INFO: microblog startup [in d:\bootcamp\ideaBox\app\__init__.py:37]
2015-07-15 09:15:26,400 INFO: microblog startup [in d:\bootcamp\ideaBox\app\__init__.py:37]
2015-07-15 09:15:36,385 INFO: microblog startup [in d:\bootcamp\ideaBox\app\__init__.py:37]
2015-07-15 09:21:17,483 INFO: microblog startup [in d:\bootcamp\ideaBox\app\__init__.py:37]
2015-07-15 09:22:30,859 INFO: microblog startup [in d:\bootcamp\ideaBox\app\__init__.py:37]
2015-07-15 09:29:02,174 INFO: microblog startup [in d:\bootcamp\ideaBox\app\__init__.py:37]
2015-07-15 09:33:05,180 INFO: microblog startup [in d:\bootcamp\ideaBox\app\__init__.py:37]
2015-07-15 09:36:30,085 INFO: microblog startup [in d:\bootcamp\ideaBox\app\__init__.py:37]
2015-07-15 09:37:35,230 INFO: microblog startup [in d:\bootcamp\ideaBox\app\__init__.py:37]
2015-07-15 09:39:28,221 INFO: microblog startup [in d:\bootcamp\ideaBox\app\__init__.py:37]
2015-07-15 09:42:24,484 INFO: microblog startup [in d:\bootcamp\ideaBox\app\__init__.py:37]
2015-07-15 09:48:22,477 INFO: microblog startup [in d:\bootcamp\ideaBox\app\__init__.py:37]
2015-07-15 09:48:28,630 INFO: microblog startup [in d:\bootcamp\ideaBox\app\__init__.py:37]
2015-07-15 09:48:29,194 INFO: microblog startup [in d:\bootcamp\ideaBox\app\__init__.py:37]
2015-07-15 09:57:31,571 INFO: microblog startup [in d:\bootcamp\ideaBox\app\__init__.py:37]
2015-07-15 09:57:56,098 INFO: microblog startup [in d:\bootcamp\ideaBox\app\__init__.py:37]
2015-07-15 09:57:59,858 INFO: microblog startup [in d:\bootcamp\ideaBox\app\__init__.py:37]
2015-07-15 09:59:51,686 INFO: microblog startup [in d:\bootcamp\ideaBox\app\__init__.py:37]
2015-07-15 10:01:28,588 INFO: microblog startup [in d:\bootcamp\ideaBox\app\__init__.py:37]
2015-07-15 10:04:21,467 INFO: microblog startup [in d:\bootcamp\ideaBox\app\__init__.py:37]
2015-07-15 10:05:23,539 INFO: microblog startup [in d:\bootcamp\ideaBox\app\__init__.py:37]
2015-07-15 10:06:31,779 INFO: microblog startup [in d:\bootcamp\ideaBox\app\__init__.py:37]
2015-07-15 10:06:32,339 INFO: microblog startup [in d:\bootcamp\ideaBox\app\__init__.py:37]
2015-07-15 10:49:52,676 INFO: microblog startup [in d:\bootcamp\ideaBox\app\__init__.py:37]
2015-07-15 10:49:53,542 INFO: microblog startup [in d:\bootcamp\ideaBox\app\__init__.py:37]
2015-07-15 10:50:35,861 INFO: microblog startup [in d:\bootcamp\ideaBox\app\__init__.py:37]
2015-07-15 10:51:03,997 INFO: microblog startup [in d:\bootcamp\ideaBox\app\__init__.py:37]
2015-07-15 10:51:32,361 INFO: microblog startup [in d:\bootcamp\ideaBox\app\__init__.py:37]
2015-07-15 10:52:51,019 INFO: microblog startup [in d:\bootcamp\ideaBox\app\__init__.py:37]
2015-07-15 10:58:46,359 INFO: microblog startup [in d:\bootcamp\ideaBox\app\__init__.py:37]
2015-07-15 10:59:15,667 INFO: microblog startup [in d:\bootcamp\ideaBox\app\__init__.py:37]
2015-07-15 11:05:27,903 INFO: microblog startup [in d:\bootcamp\ideaBox\app\__init__.py:37]
2015-07-15 11:07:52,167 INFO: microblog startup [in d:\bootcamp\ideaBox\app\__init__.py:37]
2015-07-15 11:12:12,750 INFO: microblog startup [in d:\bootcamp\ideaBox\app\__init__.py:37]
2015-07-15 11:12:23,028 INFO: microblog startup [in d:\bootcamp\ideaBox\app\__init__.py:37]
2015-07-15 11:12:23,608 INFO: microblog startup [in d:\bootcamp\ideaBox\app\__init__.py:37]
2015-07-15 11:18:02,937 INFO: microblog startup [in d:\bootcamp\ideaBox\app\__init__.py:37]
2015-07-15 11:29:25,608 INFO: microblog startup [in d:\bootcamp\ideaBox\app\__init__.py:37]
2015-07-15 11:29:26,180 INFO: microblog startup [in d:\bootcamp\ideaBox\app\__init__.py:37]
2015-07-15 11:30:44,668 INFO: microblog startup [in d:\bootcamp\ideaBox\app\__init__.py:37]
2015-07-15 11:31:57,992 INFO: microblog startup [in d:\bootcamp\ideaBox\app\__init__.py:37]
2015-07-15 11:32:21,490 INFO: microblog startup [in d:\bootcamp\ideaBox\app\__init__.py:37]
2015-07-15 11:33:24,461 INFO: microblog startup [in d:\bootcamp\ideaBox\app\__init__.py:37]
2015-07-15 11:33:57,173 INFO: microblog startup [in d:\bootcamp\ideaBox\app\__init__.py:37]
2015-07-15 11:35:55,122 INFO: microblog startup [in d:\bootcamp\ideaBox\app\__init__.py:37]
2015-07-15 11:58:50,220 INFO: microblog startup [in d:\bootcamp\ideaBox\app\__init__.py:37]
2015-07-15 12:07:06,565 INFO: microblog startup [in d:\bootcamp\ideaBox\app\__init__.py:37]
2015-07-15 12:07:07,239 INFO: microblog startup [in d:\bootcamp\ideaBox\app\__init__.py:37]
2015-07-15 12:07:19,760 INFO: microblog startup [in d:\bootcamp\ideaBox\app\__init__.py:37]
2015-07-15 12:08:01,326 INFO: microblog startup [in d:\bootcamp\ideaBox\app\__init__.py:37]
2015-07-15 12:08:11,191 INFO: microblog startup [in d:\bootcamp\ideaBox\app\__init__.py:37]
2015-07-15 12:09:49,476 INFO: microblog startup [in d:\bootcamp\ideaBox\app\__init__.py:37]
2015-07-15 12:10:16,881 INFO: microblog startup [in d:\bootcamp\ideaBox\app\__init__.py:37]
2015-07-15 12:11:01,157 INFO: microblog startup [in d:\bootcamp\ideaBox\app\__init__.py:37]
2015-07-15 12:11:01,823 INFO: microblog startup [in d:\bootcamp\ideaBox\app\__init__.py:37]
2015-07-15 12:14:08,148 INFO: microblog startup [in d:\bootcamp\ideaBox\app\__init__.py:37]
2015-07-15 12:14:26,536 INFO: microblog startup [in d:\bootcamp\ideaBox\app\__init__.py:37]
2015-07-15 12:15:29,698 INFO: microblog startup [in d:\bootcamp\ideaBox\app\__init__.py:37]
2015-07-15 12:18:29,035 INFO: microblog startup [in d:\bootcamp\ideaBox\app\__init__.py:37]
2015-07-15 12:21:05,724 INFO: microblog startup [in d:\bootcamp\ideaBox\app\__init__.py:37]
2015-07-15 12:21:06,724 INFO: microblog startup [in d:\bootcamp\ideaBox\app\__init__.py:37]
2015-07-15 12:28:45,677 INFO: microblog startup [in app\__init__.py:37]
2015-07-15 12:33:03,193 INFO: microblog startup [in d:\bootcamp\ideaBox\app\__init__.py:37]
2015-07-15 12:33:12,371 INFO: microblog startup [in d:\bootcamp\ideaBox\app\__init__.py:37]
2015-07-15 12:35:18,746 INFO: microblog startup [in d:\bootcamp\ideaBox\app\__init__.py:37]
2015-07-15 12:37:21,957 INFO: microblog startup [in d:\bootcamp\ideaBox\app\__init__.py:37]
2015-07-15 12:44:41,088 INFO: microblog startup [in d:\bootcamp\ideaBox\app\__init__.py:37]
2015-07-15 12:46:04,539 INFO: microblog startup [in d:\bootcamp\ideaBox\app\__init__.py:37]
2015-07-15 12:52:55,213 INFO: microblog startup [in d:\bootcamp\ideaBox\app\__init__.py:37]
2015-07-15 12:54:55,888 INFO: microblog startup [in d:\bootcamp\ideaBox\app\__init__.py:37]
2015-07-15 12:58:40,367 INFO: microblog startup [in d:\bootcamp\ideaBox\app\__init__.py:37]
2015-07-15 13:06:41,400 INFO: microblog startup [in d:\bootcamp\ideaBox\app\__init__.py:37]
2015-07-15 13:15:37,762 INFO: microblog startup [in d:\bootcamp\ideaBox\app\__init__.py:37]
2015-07-15 13:31:03,368 INFO: microblog startup [in d:\bootcamp\ideaBox\app\__init__.py:37]
2015-07-15 13:32:19,802 INFO: microblog startup [in d:\bootcamp\ideaBox\app\__init__.py:40]
2015-07-15 13:33:28,408 INFO: microblog startup [in d:\bootcamp\ideaBox\app\__init__.py:40]
2015-07-15 13:34:23,628 INFO: microblog startup [in app\__init__.py:40]
2015-07-15 16:11:10,647 INFO: microblog startup [in d:\bootcamp\ideaBox\app\__init__.py:40]
2015-07-15 16:13:42,065 INFO: microblog startup [in d:\bootcamp\ideaBox\app\__init__.py:40]
2015-07-15 17:08:50,404 INFO: microblog startup [in d:\bootcamp\ideaBox\app\__init__.py:41]
2015-07-15 17:08:51,411 INFO: microblog startup [in d:\bootcamp\ideaBox\app\__init__.py:41]
2015-07-15 17:20:30,256 INFO: microblog startup [in d:\bootcamp\ideaBox\app\__init__.py:43]
2015-07-15 17:35:21,440 INFO: microblog startup [in d:\bootcamp\ideaBox\app\__init__.py:43]
2015-07-15 17:35:25,660 INFO: microblog startup [in d:\bootcamp\ideaBox\app\__init__.py:43]
2015-07-15 17:37:42,907 INFO: microblog startup [in d:\bootcamp\ideaBox\app\__init__.py:43]
2015-07-15 17:39:09,891 INFO: microblog startup [in d:\bootcamp\ideaBox\app\__init__.py:43]
2015-07-15 17:40:08,453 INFO: microblog startup [in d:\bootcamp\ideaBox\app\__init__.py:43]
2015-07-15 17:40:09,153 INFO: microblog startup [in d:\bootcamp\ideaBox\app\__init__.py:43]
2015-07-15 17:51:16,253 INFO: microblog startup [in d:\bootcamp\ideaBox\app\__init__.py:43]
2015-07-15 18:12:12,454 INFO: microblog startup [in d:\bootcamp\ideaBox\app\__init__.py:43]
2015-07-15 18:26:12,987 INFO: microblog startup [in d:\bootcamp\ideaBox\app\__init__.py:43]
2015-07-15 18:27:37,667 INFO: microblog startup [in d:\bootcamp\ideaBox\app\__init__.py:43]
2015-07-15 18:29:42,739 INFO: microblog startup [in d:\bootcamp\ideaBox\app\__init__.py:43]
2015-07-15 18:30:05,474 INFO: microblog startup [in d:\bootcamp\ideaBox\app\__init__.py:43]
2015-07-15 18:30:25,058 INFO: microblog startup [in d:\bootcamp\ideaBox\app\__init__.py:43]
2015-07-15 18:45:00,302 INFO: microblog startup [in d:\bootcamp\ideaBox\app\__init__.py:43]
2015-07-15 19:23:34,961 INFO: microblog startup [in d:\bootcamp\ideaBox\app\__init__.py:43]
2015-07-15 19:23:35,911 INFO: microblog startup [in d:\bootcamp\ideaBox\app\__init__.py:43]
2015-07-15 19:42:29,627 INFO: microblog startup [in d:\bootcamp\ideaBox\app\__init__.py:43]
2015-07-15 22:47:30,796 INFO: microblog startup [in d:\bootcamp\ideaBox\app\__init__.py:43]
2015-07-15 22:52:08,240 INFO: microblog startup [in d:\bootcamp\ideaBox\app\__init__.py:43]
2015-07-15 22:54:32,765 INFO: microblog startup [in d:\bootcamp\ideaBox\app\__init__.py:43]
2015-07-15 22:58:16,023 INFO: microblog startup [in d:\bootcamp\ideaBox\app\__init__.py:43]
2015-07-15 22:58:17,075 INFO: microblog startup [in d:\bootcamp\ideaBox\app\__init__.py:43]
2015-07-15 23:19:09,976 INFO: microblog startup [in d:\bootcamp\ideaBox\app\__init__.py:43]
2015-07-15 23:40:15,348 INFO: microblog startup [in d:\bootcamp\ideaBox\app\__init__.py:43]
2015-07-15 23:40:16,433 INFO: microblog startup [in d:\bootcamp\ideaBox\app\__init__.py:43]
2015-07-15 23:45:47,257 INFO: microblog startup [in d:\bootcamp\ideaBox\app\__init__.py:43]
2015-07-15 23:45:48,198 INFO: microblog startup [in d:\bootcamp\ideaBox\app\__init__.py:43]
2015-07-15 23:50:15,565 INFO: microblog startup [in d:\bootcamp\ideaBox\app\__init__.py:43]
2015-07-15 23:53:26,832 INFO: microblog startup [in d:\bootcamp\ideaBox\app\__init__.py:43]
2015-07-15 23:58:09,763 INFO: microblog startup [in d:\bootcamp\ideaBox\app\__init__.py:43]
2015-07-16 00:02:12,569 INFO: microblog startup [in d:\bootcamp\ideaBox\app\__init__.py:43]
2015-07-16 00:05:04,473 INFO: microblog startup [in d:\bootcamp\ideaBox\app\__init__.py:43]
2015-07-16 00:05:50,117 INFO: microblog startup [in d:\bootcamp\ideaBox\app\__init__.py:43]
2015-07-16 00:07:11,144 INFO: microblog startup [in d:\bootcamp\ideaBox\app\__init__.py:43]
2015-07-16 00:07:49,484 INFO: microblog startup [in d:\bootcamp\ideaBox\app\__init__.py:43]
2015-07-16 00:08:34,009 INFO: microblog startup [in d:\bootcamp\ideaBox\app\__init__.py:43]
2015-07-16 00:09:02,844 INFO: microblog startup [in d:\bootcamp\ideaBox\app\__init__.py:43]
2015-07-16 00:12:48,089 INFO: microblog startup [in d:\bootcamp\ideaBox\app\__init__.py:43]
2015-07-16 00:24:16,713 INFO: microblog startup [in d:\bootcamp\ideaBox\app\__init__.py:43]
2015-07-16 00:28:56,835 INFO: microblog startup [in d:\bootcamp\ideaBox\app\__init__.py:43]
2015-07-16 00:30:57,999 WARNING: SLOW QUERY: UPDATE user SET last_seen=? WHERE user.id = ?
Parameters: ('2015-07-15 23:30:57.127000', 1)
Duration: 0.510328s
Context: d:\bootcamp\ideaBox\app\views.py:22 (before_request)
 [in d:\bootcamp\ideaBox\app\views.py:175]
2015-07-16 00:38:15,641 INFO: microblog startup [in d:\bootcamp\ideaBox\app\__init__.py:43]
2015-07-16 00:38:18,845 INFO: microblog startup [in d:\bootcamp\ideaBox\app\__init__.py:43]
2015-07-16 00:39:50,285 INFO: microblog startup [in d:\bootcamp\ideaBox\app\__init__.py:43]
2015-07-16 00:39:55,240 INFO: microblog startup [in d:\bootcamp\ideaBox\app\__init__.py:43]
2015-07-16 00:41:48,551 INFO: microblog startup [in d:\bootcamp\ideaBox\app\__init__.py:43]
2015-07-16 00:46:01,178 INFO: microblog startup [in d:\bootcamp\ideaBox\app\__init__.py:43]
2015-07-16 01:04:35,201 INFO: microblog startup [in d:\bootcamp\ideaBox\app\__init__.py:43]
2015-07-16 01:06:40,453 INFO: microblog startup [in d:\bootcamp\ideaBox\app\__init__.py:43]
2015-07-16 01:06:43,311 INFO: microblog startup [in d:\bootcamp\ideaBox\app\__init__.py:43]
2015-07-16 07:30:32,282 INFO: microblog startup [in d:\bootcamp\ideaBox\app\__init__.py:43]
2015-07-16 07:30:34,480 INFO: microblog startup [in d:\bootcamp\ideaBox\app\__init__.py:43]
2015-07-16 07:54:35,078 INFO: microblog startup [in d:\bootcamp\ideaBox\app\__init__.py:43]
2015-07-16 07:58:38,865 INFO: microblog startup [in d:\bootcamp\ideaBox\app\__init__.py:43]
2015-07-16 07:58:42,239 INFO: microblog startup [in d:\bootcamp\ideaBox\app\__init__.py:43]
2015-07-16 08:01:58,316 INFO: microblog startup [in d:\bootcamp\ideaBox\app\__init__.py:43]
2015-07-16 08:03:44,167 INFO: microblog startup [in d:\bootcamp\ideaBox\app\__init__.py:43]
2015-07-16 08:04:32,384 INFO: microblog startup [in d:\bootcamp\ideaBox\app\__init__.py:43]
2015-07-16 08:04:35,275 INFO: microblog startup [in d:\bootcamp\ideaBox\app\__init__.py:43]
2015-07-16 08:06:30,368 INFO: microblog startup [in d:\bootcamp\ideaBox\app\__init__.py:43]
2015-07-16 08:14:44,861 INFO: microblog startup [in d:\bootcamp\ideaBox\app\__init__.py:43]
